1642758093323	geckodriver	INFO	Listening on 127.0.0.1:54396
1642758096391	mozrunner::runner	INFO	Running command: "C:/Program Files/Mozilla Firefox/firefox.exe" "--marionette" "-headless" "-no-remote" "-profile" "C:\\Users\\Gil\\AppData\\Local\\Temp\\rust_mozprofileGrhmT7"
*** You are running in headless mode.
1642758096799	Marionette	INFO	Marionette enabled
[GFX1-]: RenderCompositorSWGL failed mapping default framebuffer, no dt
console.warn: SearchSettings: "get: No settings file exists, new profile?" (new NotFoundError("Could not open the file at C:\\Users\\Gil\\AppData\\Local\\Temp\\rust_mozprofileGrhmT7\\search.json.mozlz4", (void 0)))
1642758098240	Marionette	INFO	Listening on port 54404
1642758098449	RemoteAgent	WARN	TLS certificate errors will be ignored for this session
JavaScript error: https://news.files.bbci.co.uk/include/vjeastasia/800-flourish_on_slack/english/newsspec-32760.js??v=1.0.202201201359.202201201359, line 1: SyntaxError: JSON.parse: unexpected character at line 1 column 1 of the JSON data
JavaScript error: https://news.files.bbci.co.uk/include/vjeastasia/800-flourish_on_slack/english/newsspec-32760.js??v=1.0.202201201359.202201201359, line 1: SyntaxError: JSON.parse: unexpected character at line 1 column 1 of the JSON data
JavaScript error: , line 0: uncaught exception: Error: Received error when requesting API response from URL: https://buy.tinypass.com/api/v3/anon/template/loadTemplateContext?aid=tYOkq7qlAI
JavaScript error: , line 0: uncaught exception: Error: Received error when requesting API response from URL: https://buy.tinypass.com/api/v3/anon/template/loadTemplateContext?aid=tYOkq7qlAI
JavaScript error: , line 0: InvalidStateError: An attempt was made to use an object that is not, or is no longer, usable
JavaScript error: , line 0: InvalidStateError: An attempt was made to use an object that is not, or is no longer, usable
JavaScript error: https://cdn.permutive.com/e488cdb0-e7cb-4d91-9648-60d437d8e491-web.js, line 1: Error: Network request failed
JavaScript error: https://cdn.permutive.com/e488cdb0-e7cb-4d91-9648-60d437d8e491-web.js, line 1: Error: Network request failed
JavaScript error: https://cdn.permutive.com/e488cdb0-e7cb-4d91-9648-60d437d8e491-web.js, line 1: Error: Network request failed
JavaScript error: , line 0: NS_ERROR_NOT_AVAILABLE
A content process crashed and MOZ_CRASHREPORTER_SHUTDOWN is set, shutting down
1642763643552	Marionette	INFO	Stopped listening on port 54404
[Parent 3596, IPC I/O Parent] WARNING: file /builds/worker/checkouts/gecko/ipc/chromium/src/base/process_util_win.cc:167

###!!! [Parent][RunMessage] Error: Channel closing: too late to send/recv, messages will be lost

pt error: https://gn-web-assets.api.bbc.com/bbcdotcom/assets/20220111-153539-f78def7d5-4.63.0/script/av/emp/adverts.js, line 131: TypeError: window.bbcdotcom.sections is undefined
JavaScript error: , line 0: uncaught exception: Error: Received error when requesting API response from URL: https://buy.tinypass.com/api/v3/anon/template/loadTemplateContext?aid=tYOkq7qlAI
JavaScript error: , line 0: InvalidStateError: An attempt was made to use an object that is not, or is no longer, usable
JavaScript error: , line 0: InvalidStateError: An attempt was made to use an object that is not, or is no longer, usable
1642758247430	geckodriver	INFO	Listening on 127.0.0.1:54829
1642758250461	mozrunner::runner	INFO	Running command: "C:/Program Files/Mozilla Firefox/firefox.exe" "--marionette" "-headless" "-no-remote" "-profile" "C:\\Users\\Gil\\AppData\\Local\\Temp\\rust_mozprofileL3rFsW"
*** You are running in headless mode.
1642758250977	Marionette	INFO	Marionette enabled
[GFX1-]: RenderCompositorSWGL failed mapping default framebuffer, no dt
console.warn: SearchSettings: "get: No settings file exists, new profile?" (new NotFoundError("Could not open the file at C:\\Users\\Gil\\AppData\\Local\\Temp\\rust_mozprofileL3rFsW\\search.json.mozlz4", (void 0)))
1642758253415	Marionette	INFO	Listening on port 54845
1642758253649	RemoteAgent	WARN	TLS certificate errors will be ignored for this session
JavaScript error: https://gn-web-assets.api.bbc.com/bbcdotcom/assets/20220111-153539-f78def7d5-4.63.0/script/av/emp/adverts.js, line 131: TypeError: window.bbcdotcom.sections is undefined
1642758261977	Marionette	WARN	Ignoring event 'DOMContentLoaded' because document has an invalid readyState of 'complete'.
1642758283037	geckodriver	INFO	Listening on 127.0.0.1:54983
1642758286108	mozrunner::runner	INFO	Running command: "C:/Program Files/Mozilla Firefox/firefox.exe" "--marionette" "-headless" "-no-remote" "-profile" "C:\\Users\\Gil\\AppData\\Local\\Temp\\rust_mozprofilee4Bvse"
*** You are running in headless mode.
1642758286546	Marionette	INFO	Marionette enabled
[GFX1-]: RenderCompositorSWGL failed mapping default framebuffer, no dt
console.warn: SearchSettings: "get: No settings file exists, new profile?" (new NotFoundError("Could not open the file at C:\\Users\\Gil\\AppData\\Local\\Temp\\rust_mozprofilee4Bvse\\search.json.mozlz4", (void 0)))
1642758288234	Marionette	INFO	Listening on port 54991
1642758288301	RemoteAgent	WARN	TLS certificate errors will be ignored for this session
JavaScript warning: https://www.iaa.gov.il/_Incapsula_Resource?SWJIYLWA=719d34d31c8e3a6e6fffd425f7e032f3&ns=1&cb=498735046, line 1: unreachable code after return statement
JavaScript warning: https://www.iaa.gov.il/_Incapsula_Resource?SWJIYLWA=719d34d31c8e3a6e6fffd425f7e032f3&ns=1&cb=498735046 line 1 > eval, line 1: unreachable code after return statement
JavaScript error: , line 0: NotFoundError: Could not move source file(C:\Users\Gil\AppData\Local\Temp\rust_mozprofilee4Bvse\bookmarkbackups\bookmarks-2022-01-21.jsonlz4) because it does not exist
JavaScript error: , line 0: uncaught exception: Timeout (n)
zprofile3m5LVF"
*** You are running in headless mode.
1642758332307	Marionette	INFO	Marionette enabled
[GFX1-]: RenderCompositorSWGL failed mapping default framebuffer, no dt
console.warn: SearchSettings: "get: No settings file exists, new profile?" (new NotFoundError("Could not open the file at C:\\Users\\Gil\\AppData\\Local\\Temp\\rust_mozprofile3m5LVF\\search.json.mozlz4", (void 0)))
1642758333578	Marionette	INFO	Listening on port 55066
1642758333999	RemoteAgent	WARN	TLS certificate errors will be ignored for this session
JavaScript warning: https://www.iaa.gov.il/_Incapsula_Resource?SWJIYLWA=719d34d31c8e3a6e6fffd425f7e032f3&ns=2&cb=382979098, line 1: unreachable code after return statement
1642763493958	geckodriver	INFO	Listening on 127.0.0.1:53610
1642763497002	mozrunner::runner	INFO	Running command: "C:/Program Files/Mozilla Firefox/firefox.exe" "--marionette" "-headless" "-no-remote" "-profile" "C:\\Users\\Gil\\AppData\\Local\\Temp\\rust_mozprofilekqJOa3"
*** You are running in headless mode.
1642763497437	Marionette	INFO	Marionette enabled
[GFX1-]: RenderCompositorSWGL failed mapping default framebuffer, no dt
console.warn: SearchSettings: "get: No settings file exists, new profile?" (new NotFoundError("Could not open the file at C:\\Users\\Gil\\AppData\\Local\\Temp\\rust_mozprofilekqJOa3\\search.json.mozlz4", (void 0)))
1642763499058	Marionette	INFO	Listening on port 53623
1642763499087	RemoteAgent	WARN	TLS certificate errors will be ignored for this session
JavaScript warning: https://www.iaa.gov.il/_Incapsula_Resource?SWJIYLWA=719d34d31c8e3a6e6fffd425f7e032f3&ns=1&cb=601315885, line 1: unreachable code after return statement
JavaScript warning: https://www.iaa.gov.il/_Incapsula_Resource?SWJIYLWA=719d34d31c8e3a6e6fffd425f7e032f3&ns=1&cb=601315885, line 1: unreachable code after return statement
JavaScript warning: https://www.iaa.gov.il/_Incapsula_Resource?SWJIYLWA=719d34d31c8e3a6e6fffd425f7e032f3&ns=1&cb=601315885 line 1 > eval, line 1: unreachable code after return statement
1642763559456	geckodriver	INFO	Listening on 127.0.0.1:53694
1642763562531	mozrunner::runner	INFO	Running command: "C:/Program Files/Mozilla Firefox/firefox.exe" "--marionette" "-headless" "-no-remote" "-profile" "C:\\Users\\Gil\\AppData\\Local\\Temp\\rust_mozprofile6cyoHN"
*** You are running in headless mode.
1642763562901	Marionette	INFO	Marionette enabled
[GFX1-]: RenderCompositorSWGL failed mapping default framebuffer, no dt
console.warn: SearchSettings: "get: No settings file exists, new profile?" (new NotFoundError("Could not open the file at C:\\Users\\Gil\\AppData\\Local\\Temp\\rust_mozprofile6cyoHN\\search.json.mozlz4", (void 0)))
1642763564539	Marionette	INFO	Listening on port 53702
1642763564600	RemoteAgent	WARN	TLS certificate errors will be ignored for this session
JavaScript warning: https://www.iaa.gov.il/_Incapsula_Resource?SWJIYLWA=719d34d31c8e3a6e6fffd425f7e032f3&ns=1&cb=1029385448, line 1: unreachable code after return statement
JavaScript warning: https://www.iaa.gov.il/_Incapsula_Resource?SWJIYLWA=719d34d31c8e3a6e6fffd425f7e032f3&ns=1&cb=1029385448, line 1: unreachable code after return statement
JavaScript warning: https://www.iaa.gov.il/_Incapsula_Resource?SWJIYLWA=719d34d31c8e3a6e6fffd425f7e032f3&ns=1&cb=1029385448 line 1 > eval, line 1: unreachable code after return statement
Exiting due to channel error.
1642763757553	geckodriver	INFO	Listening on 127.0.0.1:53791
1642763760596	mozrunner::runner	INFO	Running command: "C:/Program Files/Mozilla Firefox/firefox.exe" "--marionette" "-headless" "-no-remote" "-profile" "C:\\Users\\Gil\\AppData\\Local\\Temp\\rust_mozprofile9YdLzb"
*** You are running in headless mode.
1642763760972	Marionette	INFO	Marionette enabled
[GFX1-]: RenderCompositorSWGL failed mapping default framebuffer, no dt
console.warn: SearchSettings: "get: No settings file exists, new profile?" (new NotFoundError("Could not open the file at C:\\Users\\Gil\\AppData\\Local\\Temp\\rust_mozprofile9YdLzb\\search.json.mozlz4", (void 0)))
1642763762465	Marionette	INFO	Listening on port 53799
1642763762650	RemoteAgent	WARN	TLS certificate errors will be ignored for this session
JavaScript warning: https://www.iaa.gov.il/_Incapsula_Resource?SWJIYLWA=719d34d31c8e3a6e6fffd425f7e032f3&ns=1&cb=255129861, line 1: unreachable code after return statement
JavaScript warning: https://www.iaa.gov.il/_Incapsula_Resource?SWJIYLWA=719d34d31c8e3a6e6fffd425f7e032f3&ns=1&cb=255129861, line 1: unreachable code after return statement
JavaScript warning: https://www.iaa.gov.il/_Incapsula_Resource?SWJIYLWA=719d34d31c8e3a6e6fffd425f7e032f3&ns=1&cb=255129861 line 1 > eval, line 1: unreachable code after return statement
Exiting due to channel error.
Exiting due to channel error.
42763835079	mozrunner::runner	INFO	Running command: "C:/Program Files/Mozilla Firefox/firefox.exe" "--marionette" "-headless" "-no-remote" "-profile" "C:\\Users\\Gil\\AppData\\Local\\Temp\\rust_mozprofileAwGBPl"
*** You are running in headless mode.
1642763835438	Marionette	INFO	Marionette enabled
[GFX1-]: RenderCompositorSWGL failed mapping default framebuffer, no dt
console.warn: SearchSettings: "get: No settings file exists, new profile?" (new NotFoundError("Could not open the file at C:\\Users\\Gil\\AppData\\Local\\Temp\\rust_mozprofileAwGBPl\\search.json.mozlz4", (void 0)))
1642763836867	Marionette	INFO	Listening on port 53898
1642763837156	RemoteAgent	WARN	TLS certificate errors will be ignored for this session
JavaScript warning: https://www.iaa.gov.il/_Incapsula_Resource?SWJIYLWA=719d34d31c8e3a6e6fffd425f7e032f3&ns=1&cb=219017847, line 1: unreachable code after return statement
JavaScript warning: https://www.iaa.gov.il/_Incapsula_Resource?SWJIYLWA=719d34d31c8e3a6e6fffd425f7e032f3&ns=1&cb=219017847, line 1: unreachable code after return statement
JavaScript warning: https://www.iaa.gov.il/_Incapsula_Resource?SWJIYLWA=719d34d31c8e3a6e6fffd425f7e032f3&ns=1&cb=219017847 line 1 > eval, line 1: unreachable code after return statement
Exiting due to channel error.
Listening on 127.0.0.1:53973
1642763912199	mozrunner::runner	INFO	Running command: "C:/Program Files/Mozilla Firefox/firefox.exe" "--marionette" "-headless" "-no-remote" "-profile" "C:\\Users\\Gil\\AppData\\Local\\Temp\\rust_mozprofiler5ZCf7"
*** You are running in headless mode.
1642763912557	Marionette	INFO	Marionette enabled
[GFX1-]: RenderCompositorSWGL failed mapping default framebuffer, no dt
console.warn: SearchSettings: "get: No settings file exists, new profile?" (new NotFoundError("Could not open the file at C:\\Users\\Gil\\AppData\\Local\\Temp\\rust_mozprofiler5ZCf7\\search.json.mozlz4", (void 0)))
1642763913983	Marionette	INFO	Listening on port 53981
1642763914256	RemoteAgent	WARN	TLS certificate errors will be ignored for this session
JavaScript warning: https://www.iaa.gov.il/_Incapsula_Resource?SWJIYLWA=719d34d31c8e3a6e6fffd425f7e032f3&ns=1&cb=1226639468, line 1: unreachable code after return statement
JavaScript warning: https://www.iaa.gov.il/_Incapsula_Resource?SWJIYLWA=719d34d31c8e3a6e6fffd425f7e032f3&ns=1&cb=1226639468, line 1: unreachable code after return statement
JavaScript warning: https://www.iaa.gov.il/_Incapsula_Resource?SWJIYLWA=719d34d31c8e3a6e6fffd425f7e032f3&ns=1&cb=1226639468 line 1 > eval, line 1: unreachable code after return statement
1642764008356	geckodriver	INFO	Listening on 127.0.0.1:54044
1642764011408	mozrunner::runner	INFO	Running command: "C:/Program Files/Mozilla Firefox/firefox.exe" "--marionette" "-headless" "-no-remote" "-profile" "C:\\Users\\Gil\\AppData\\Local\\Temp\\rust_mozprofileNp7tjY"
*** You are running in headless mode.
1642764011780	Marionette	INFO	Marionette enabled
[GFX1-]: RenderCompositorSWGL failed mapping default framebuffer, no dt
console.warn: SearchSettings: "get: No settings file exists, new profile?" (new NotFoundError("Could not open the file at C:\\Users\\Gil\\AppData\\Local\\Temp\\rust_mozprofileNp7tjY\\search.json.mozlz4", (void 0)))
1642764013313	Marionette	INFO	Listening on port 54052
1642764013482	RemoteAgent	WARN	TLS certificate errors will be ignored for this session
JavaScript warning: https://www.iaa.gov.il/_Incapsula_Resource?SWJIYLWA=719d34d31c8e3a6e6fffd425f7e032f3&ns=1&cb=2145832712, line 1: unreachable code after return statement
JavaScript warning: https://www.iaa.gov.il/_Incapsula_Resource?SWJIYLWA=719d34d31c8e3a6e6fffd425f7e032f3&ns=1&cb=2145832712 line 1 > eval, line 1: unreachable code after return statement
Exiting due to channel error.
1642764272843	geckodriver	INFO	Listening on 127.0.0.1:60044
1642764275927	mozrunner::runner	INFO	Running command: "C:/Program Files/Mozilla Firefox/firefox.exe" "--marionette" "-headless" "-no-remote" "-profile" "C:\\Users\\Gil\\AppData\\Local\\Temp\\rust_mozprofileNKZzeF"
*** You are running in headless mode.
1642764277099	Marionette	INFO	Marionette enabled
[GFX1-]: RenderCompositorSWGL failed mapping default framebuffer, no dt
console.warn: SearchSettings: "get: No settings file exists, new profile?" (new NotFoundError("Could not open the file at C:\\Users\\Gil\\AppData\\Local\\Temp\\rust_mozprofileNKZzeF\\search.json.mozlz4", (void 0)))
1642764278797	Marionette	INFO	Listening on port 60052
1642764279108	RemoteAgent	WARN	TLS certificate errors will be ignored for this session
JavaScript warning: https://www.iaa.gov.il/_Incapsula_Resource?SWJIYLWA=719d34d31c8e3a6e6fffd425f7e032f3&ns=1&cb=149536151, line 1: unreachable code after return statement
JavaScript warning: https://www.iaa.gov.il/_Incapsula_Resource?SWJIYLWA=719d34d31c8e3a6e6fffd425f7e032f3&ns=1&cb=149536151, line 1: unreachable code after return statement
JavaScript warning: https://www.iaa.gov.il/_Incapsula_Resource?SWJIYLWA=719d34d31c8e3a6e6fffd425f7e032f3&ns=1&cb=149536151 line 1 > eval, line 1: unreachable code after return statement
1642764471611	geckodriver	INFO	Listening on 127.0.0.1:60195
1642764474664	mozrunner::runner	INFO	Running command: "C:/Program Files/Mozilla Firefox/firefox.exe" "--marionette" "-headless" "-no-remote" "-profile" "C:\\Users\\Gil\\AppData\\Local\\Temp\\rust_mozprofilet323tp"
*** You are running in headless mode.
1642764475029	Marionette	INFO	Marionette enabled
[GFX1-]: RenderCompositorSWGL failed mapping default framebuffer, no dt
console.warn: SearchSettings: "get: No settings file exists, new profile?" (new NotFoundError("Could not open the file at C:\\Users\\Gil\\AppData\\Local\\Temp\\rust_mozprofilet323tp\\search.json.mozlz4", (void 0)))
1642764476424	Marionette	INFO	Listening on port 60203
1642764476732	RemoteAgent	WARN	TLS certificate errors will be ignored for this session
JavaScript warning: https://www.iaa.gov.il/_Incapsula_Resource?SWJIYLWA=719d34d31c8e3a6e6fffd425f7e032f3&ns=1&cb=1319783169, line 1: unreachable code after return statement
JavaScript warning: https://www.iaa.gov.il/_Incapsula_Resource?SWJIYLWA=719d34d31c8e3a6e6fffd425f7e032f3&ns=1&cb=1319783169, line 1: unreachable code after return statement
JavaScript warning: https://www.iaa.gov.il/_Incapsula_Resource?SWJIYLWA=719d34d31c8e3a6e6fffd425f7e032f3&ns=1&cb=1319783169 line 1 > eval, line 1: unreachable code after return statement
1642764504819	Marionette	INFO	Stopped listening on port 60203

###!!! [Parent][RunMessage] Error: Channel closing: too late to send/recv, messages will be lost

1642764536062	geckodriver	INFO	Listening on 127.0.0.1:60271
1642764539125	mozrunner::runner	INFO	Running command: "C:/Program Files/Mozilla Firefox/firefox.exe" "--marionette" "-headless" "-no-remote" "-profile" "C:\\Users\\Gil\\AppData\\Local\\Temp\\rust_mozprofilejCWtNI"
*** You are running in headless mode.
1642764539536	Marionette	INFO	Marionette enabled
[GFX1-]: RenderCompositorSWGL failed mapping default framebuffer, no dt
console.warn: SearchSettings: "get: No settings file exists, new profile?" (new NotFoundError("Could not open the file at C:\\Users\\Gil\\AppData\\Local\\Temp\\rust_mozprofilejCWtNI\\search.json.mozlz4", (void 0)))
1642764540931	Marionette	INFO	Listening on port 60279
1642764541176	RemoteAgent	WARN	TLS certificate errors will be ignored for this session
JavaScript warning: https://www.iaa.gov.il/_Incapsula_Resource?SWJIYLWA=719d34d31c8e3a6e6fffd425f7e032f3&ns=1&cb=512624602, line 1: unreachable code after return statement
JavaScript warning: https://www.iaa.gov.il/_Incapsula_Resource?SWJIYLWA=719d34d31c8e3a6e6fffd425f7e032f3&ns=1&cb=512624602, line 1: unreachable code after return statement
JavaScript warning: https://www.iaa.gov.il/_Incapsula_Resource?SWJIYLWA=719d34d31c8e3a6e6fffd425f7e032f3&ns=1&cb=512624602 line 1 > eval, line 1: unreachable code after return statement
1642764569617	Marionette	INFO	Stopped listening on port 60279
1642764689864	geckodriver	INFO	Listening on 127.0.0.1:60395
1642764692941	mozrunner::runner	INFO	Running command: "C:/Program Files/Mozilla Firefox/firefox.exe" "--marionette" "-headless" "-no-remote" "-profile" "C:\\Users\\Gil\\AppData\\Local\\Temp\\rust_mozprofile5GDxbk"
*** You are running in headless mode.
1642764693364	Marionette	INFO	Marionette enabled
[GFX1-]: RenderCompositorSWGL failed mapping default framebuffer, no dt
console.warn: SearchSettings: "get: No settings file exists, new profile?" (new NotFoundError("Could not open the file at C:\\Users\\Gil\\AppData\\Local\\Temp\\rust_mozprofile5GDxbk\\search.json.mozlz4", (void 0)))
1642764694902	Marionette	INFO	Listening on port 60403
1642764695049	RemoteAgent	WARN	TLS certificate errors will be ignored for this session
JavaScript warning: https://www.iaa.gov.il/_Incapsula_Resource?SWJIYLWA=719d34d31c8e3a6e6fffd425f7e032f3&ns=1&cb=73005230, line 1: unreachable code after return statement
JavaScript warning: https://www.iaa.gov.il/_Incapsula_Resource?SWJIYLWA=719d34d31c8e3a6e6fffd425f7e032f3&ns=1&cb=73005230, line 1: unreachable code after return statement
JavaScript warning: https://www.iaa.gov.il/_Incapsula_Resource?SWJIYLWA=719d34d31c8e3a6e6fffd425f7e032f3&ns=1&cb=73005230 line 1 > eval, line 1: unreachable code after return statement
1642764723100	Marionette	INFO	Stopped listening on port 60403

###!!! [Parent][MessageChannel] Error: (msgtype=0x3A014F,name=PContent::Reply_DiscardBrowsingContext) Closed channel: cannot send/recv


###!!! [Parent][MessageChannel] Error: (msgtype=0x3A007A,name=PContent::Msg_DestroyBrowsingContextGroup) Closed channel: cannot send/recv


###!!! [Parent][MessageChannel] Error: (msgtype=0x3A014F,name=PContent::Reply_DiscardBrowsingContext) Closed channel: cannot send/recv


###!!! [Child][RunMessage] Error: Channel closing: too late to send/recv, messages will be lost


###!!! [Child][RunMessage] Error: Channel closing: too late to send/recv, messages will be lost

